  Creature.cpp
k:\github repositories\neuraljetsoncreature\neuralcreature\bullet3-2.86\src\linearmath\btidebugdraw.h(169): warning C4305: 'argument': truncation from 'double' to 'const btScalar'
k:\github repositories\neuraljetsoncreature\neuralcreature\bullet3-2.86\src\linearmath\btidebugdraw.h(170): warning C4305: 'argument': truncation from 'double' to 'const btScalar'
k:\github repositories\neuraljetsoncreature\neuralcreature\bullet3-2.86\src\linearmath\btidebugdraw.h(171): warning C4305: 'argument': truncation from 'double' to 'const btScalar'
k:\github repositories\neuraljetsoncreature\neuralcreature\neuralcreature\creature.cpp(52): warning C4305: 'argument': truncation from 'double' to 'const btScalar'
k:\github repositories\neuraljetsoncreature\neuralcreature\neuralcreature\creature.cpp(53): warning C4305: 'argument': truncation from 'double' to 'const btScalar'
k:\github repositories\neuraljetsoncreature\neuralcreature\neuralcreature\creature.cpp(55): warning C4244: 'argument': conversion from 'double' to 'const btScalar', possible loss of data
k:\github repositories\neuraljetsoncreature\neuralcreature\neuralcreature\creature.cpp(55): warning C4305: 'argument': truncation from 'double' to 'const btScalar'
k:\github repositories\neuraljetsoncreature\neuralcreature\neuralcreature\creature.cpp(56): warning C4244: 'argument': conversion from 'double' to 'const btScalar', possible loss of data
k:\github repositories\neuraljetsoncreature\neuralcreature\neuralcreature\creature.cpp(56): warning C4305: 'argument': truncation from 'double' to 'const btScalar'
k:\github repositories\neuraljetsoncreature\neuralcreature\neuralcreature\creature.cpp(58): warning C4244: 'argument': conversion from 'double' to 'const btScalar', possible loss of data
k:\github repositories\neuraljetsoncreature\neuralcreature\neuralcreature\creature.cpp(59): warning C4244: 'argument': conversion from 'double' to 'const btScalar', possible loss of data
k:\github repositories\neuraljetsoncreature\neuralcreature\neuralcreature\creature.cpp(191): warning C4244: 'argument': conversion from 'double' to 'btScalar', possible loss of data
k:\github repositories\neuraljetsoncreature\neuralcreature\neuralcreature\creature.cpp(192): warning C4244: 'argument': conversion from 'double' to 'btScalar', possible loss of data
k:\github repositories\neuraljetsoncreature\neuralcreature\neuralcreature\creature.cpp(206): warning C4244: 'argument': conversion from 'double' to 'btScalar', possible loss of data
k:\github repositories\neuraljetsoncreature\neuralcreature\neuralcreature\creature.cpp(207): warning C4244: 'argument': conversion from 'double' to 'btScalar', possible loss of data
k:\github repositories\neuraljetsoncreature\neuralcreature\neuralcreature\creature.cpp(213): warning C4244: 'argument': conversion from 'double' to 'btScalar', possible loss of data
k:\github repositories\neuraljetsoncreature\neuralcreature\neuralcreature\creature.cpp(214): warning C4244: 'argument': conversion from 'double' to 'btScalar', possible loss of data
k:\github repositories\neuraljetsoncreature\neuralcreature\neuralcreature\creature.cpp(220): warning C4244: 'argument': conversion from 'double' to 'btScalar', possible loss of data
k:\github repositories\neuraljetsoncreature\neuralcreature\neuralcreature\creature.cpp(221): warning C4244: 'argument': conversion from 'double' to 'btScalar', possible loss of data
  NeuralCreature.vcxproj -> K:\GitHub Repositories\NeuralJetsonCreature\NeuralCreature\Debug\NeuralCreature.exe
  NeuralCreature.vcxproj -> K:\GitHub Repositories\NeuralJetsonCreature\NeuralCreature\Debug\NeuralCreature.pdb (Full PDB)
